<?xml version="1.0" encoding="UTF-8"?>
<!-- Generated by org.testng.reporters.JUnitXMLReporter -->
<testsuite ignored="5" hostname="DESKTOP-H0I39BA" failures="0" tests="5" name="Default test" time="42.158" errors="0" timestamp="2025-01-08T19:48:53 EET">
  <testcase classname="SecondProject.StandardUser" name="Login" time="6.412"/>
  <testcase classname="SecondProject.StandardUser" name="AddToCart" time="9.198"/>
  <testcase classname="SecondProject.StandardUser" name="RemoveFromCart" time="8.417"/>
  <testcase classname="SecondProject.StandardUser" name="AddAllToCart" time="2.322"/>
  <testcase classname="SecondProject.StandardUser" name="ChekoutProcess" time="14.668"/>
  <testcase classname="SecondProject.StandardUser" name="AddItemsThatStartWithSause" time="0.0">
    <ignored/>
  </testcase> <!-- AddItemsThatStartWithSause -->
  <testcase classname="SecondProject.StandardUser" name="AddItemsThatStartWithOutSause" time="0.0">
    <ignored/>
  </testcase> <!-- AddItemsThatStartWithOutSause -->
  <testcase classname="SecondProject.StandardUser" name="AddCertainNumberOfItems" time="0.0">
    <ignored/>
  </testcase> <!-- AddCertainNumberOfItems -->
  <testcase classname="SecondProject.StandardUser" name="AddRightItemsToCart" time="0.0">
    <ignored/>
  </testcase> <!-- AddRightItemsToCart -->
  <testcase classname="SecondProject.StandardUser" name="AddRandomItem" time="0.0">
    <ignored/>
  </testcase> <!-- AddRandomItem -->
</testsuite> <!-- Default test -->
