<?xml version="1.0" encoding="UTF-8"?>
<testng-results ignored="5" total="10" passed="5" failed="0" skipped="0">
  <reporter-output>
  </reporter-output>
  <suite started-at="2025-01-08T19:48:11 EET" name="Default suite" finished-at="2025-01-08T19:48:53 EET" duration-ms="42158">
    <groups>
    </groups>
    <test started-at="2025-01-08T19:48:11 EET" name="Default test" finished-at="2025-01-08T19:48:53 EET" duration-ms="42158">
      <class name="SecondProject.StandardUser">
        <test-method is-config="true" signature="Before_test()[pri:0, instance:SecondProject.StandardUser@1d3ac898]" started-at="2025-01-08T19:48:11 EET" name="Before_test" finished-at="2025-01-08T19:48:12 EET" duration-ms="885" status="PASS">
          <reporter-output>
          </reporter-output>
        </test-method> <!-- Before_test -->
        <test-method signature="Login()[pri:1, instance:SecondProject.StandardUser@1d3ac898]" started-at="2025-01-08T19:48:12 EET" name="Login" finished-at="2025-01-08T19:48:18 EET" duration-ms="6412" status="PASS">
          <reporter-output>
          </reporter-output>
        </test-method> <!-- Login -->
        <test-method signature="AddToCart()[pri:2, instance:SecondProject.StandardUser@1d3ac898]" started-at="2025-01-08T19:48:18 EET" name="AddToCart" finished-at="2025-01-08T19:48:27 EET" duration-ms="9198" status="PASS">
          <reporter-output>
          </reporter-output>
        </test-method> <!-- AddToCart -->
        <test-method signature="RemoveFromCart()[pri:3, instance:SecondProject.StandardUser@1d3ac898]" started-at="2025-01-08T19:48:27 EET" name="RemoveFromCart" finished-at="2025-01-08T19:48:36 EET" duration-ms="8417" status="PASS">
          <reporter-output>
          </reporter-output>
        </test-method> <!-- RemoveFromCart -->
        <test-method signature="AddAllToCart()[pri:4, instance:SecondProject.StandardUser@1d3ac898]" started-at="2025-01-08T19:48:36 EET" name="AddAllToCart" finished-at="2025-01-08T19:48:38 EET" duration-ms="2322" status="PASS">
          <reporter-output>
          </reporter-output>
        </test-method> <!-- AddAllToCart -->
        <test-method signature="ChekoutProcess()[pri:10, instance:SecondProject.StandardUser@1d3ac898]" started-at="2025-01-08T19:48:38 EET" name="ChekoutProcess" finished-at="2025-01-08T19:48:53 EET" duration-ms="14668" status="PASS">
          <reporter-output>
          </reporter-output>
        </test-method> <!-- ChekoutProcess -->
        <test-method is-config="true" signature="After_test()[pri:0, instance:SecondProject.StandardUser@1d3ac898]" started-at="2025-01-08T19:48:53 EET" name="After_test" finished-at="2025-01-08T19:48:53 EET" duration-ms="195" status="PASS">
          <reporter-output>
          </reporter-output>
        </test-method> <!-- After_test -->
      </class> <!-- SecondProject.StandardUser -->
    </test> <!-- Default test -->
  </suite> <!-- Default suite -->
</testng-results>
